2023-12-18T16:48:06.005+05:30  INFO 4516 --- [restartedMain] c.r.mysql.app.RestMysqlAppApplication    : Starting RestMysqlAppApplication using Java 17.0.8.1 with PID 4516 (C:\Users\Admin\git\Newt-Global\Java\rest_mysql_app\target\classes started by Admin in C:\Users\Admin\git\Newt-Global\Java\rest_mysql_app)
2023-12-18T16:48:06.028+05:30  INFO 4516 --- [restartedMain] c.r.mysql.app.RestMysqlAppApplication    : No active profile set, falling back to 1 default profile: "default"
2023-12-18T16:48:06.367+05:30  INFO 4516 --- [restartedMain] .e.DevToolsPropertyDefaultsPostProcessor : Devtools property defaults active! Set 'spring.devtools.add-properties' to 'false' to disable
2023-12-18T16:48:06.370+05:30  INFO 4516 --- [restartedMain] .e.DevToolsPropertyDefaultsPostProcessor : For additional web related logging consider setting the 'logging.level.web' property to 'DEBUG'
2023-12-18T16:48:08.926+05:30  INFO 4516 --- [restartedMain] .s.d.r.c.RepositoryConfigurationDelegate : Bootstrapping Spring Data JPA repositories in DEFAULT mode.
2023-12-18T16:48:09.123+05:30  INFO 4516 --- [restartedMain] .s.d.r.c.RepositoryConfigurationDelegate : Finished Spring Data repository scanning in 167 ms. Found 1 JPA repository interface.
2023-12-18T16:48:11.218+05:30  INFO 4516 --- [restartedMain] o.s.b.w.embedded.tomcat.TomcatWebServer  : Tomcat initialized with port 8080 (http)
2023-12-18T16:48:11.249+05:30  INFO 4516 --- [restartedMain] o.apache.catalina.core.StandardService   : Starting service [Tomcat]
2023-12-18T16:48:11.251+05:30  INFO 4516 --- [restartedMain] o.apache.catalina.core.StandardEngine    : Starting Servlet engine: [Apache Tomcat/10.1.16]
2023-12-18T16:48:11.759+05:30  INFO 4516 --- [restartedMain] org.apache.jasper.servlet.TldScanner     : At least one JAR was scanned for TLDs yet contained no TLDs. Enable debug logging for this logger for a complete list of JARs that were scanned but no TLDs were found in them. Skipping unneeded JARs during scanning can improve startup time and JSP compilation time.
2023-12-18T16:48:11.777+05:30  INFO 4516 --- [restartedMain] o.a.c.c.C.[Tomcat].[localhost].[/]       : Initializing Spring embedded WebApplicationContext
2023-12-18T16:48:11.780+05:30  INFO 4516 --- [restartedMain] w.s.c.ServletWebServerApplicationContext : Root WebApplicationContext: initialization completed in 5404 ms
2023-12-18T16:48:12.297+05:30  INFO 4516 --- [restartedMain] o.hibernate.jpa.internal.util.LogHelper  : HHH000204: Processing PersistenceUnitInfo [name: default]
2023-12-18T16:48:12.531+05:30  INFO 4516 --- [restartedMain] org.hibernate.Version                    : HHH000412: Hibernate ORM core version 6.3.1.Final
2023-12-18T16:48:12.686+05:30  INFO 4516 --- [restartedMain] o.h.c.internal.RegionFactoryInitiator    : HHH000026: Second-level cache disabled
2023-12-18T16:48:13.381+05:30  INFO 4516 --- [restartedMain] o.s.o.j.p.SpringPersistenceUnitInfo      : No LoadTimeWeaver setup: ignoring JPA class transformer
2023-12-18T16:48:13.472+05:30  INFO 4516 --- [restartedMain] com.zaxxer.hikari.HikariDataSource       : HikariPool-1 - Starting...
2023-12-18T16:48:14.660+05:30  INFO 4516 --- [restartedMain] com.zaxxer.hikari.pool.HikariPool        : HikariPool-1 - Added connection com.mysql.cj.jdbc.ConnectionImpl@53162939
2023-12-18T16:48:14.668+05:30  INFO 4516 --- [restartedMain] com.zaxxer.hikari.HikariDataSource       : HikariPool-1 - Start completed.
2023-12-18T16:48:14.970+05:30  WARN 4516 --- [restartedMain] org.hibernate.orm.deprecation            : HHH90000025: MySQL8Dialect does not need to be specified explicitly using 'hibernate.dialect' (remove the property setting and it will be selected by default)
2023-12-18T16:48:14.974+05:30  WARN 4516 --- [restartedMain] org.hibernate.orm.deprecation            : HHH90000026: MySQL8Dialect has been deprecated; use org.hibernate.dialect.MySQLDialect instead
2023-12-18T16:48:17.563+05:30  INFO 4516 --- [restartedMain] o.h.e.t.j.p.i.JtaPlatformInitiator       : HHH000489: No JTA platform available (set 'hibernate.transaction.jta.platform' to enable JTA platform integration)
2023-12-18T16:48:17.940+05:30  INFO 4516 --- [restartedMain] j.LocalContainerEntityManagerFactoryBean : Initialized JPA EntityManagerFactory for persistence unit 'default'
2023-12-18T16:48:18.945+05:30  WARN 4516 --- [restartedMain] JpaBaseConfiguration$JpaWebConfiguration : spring.jpa.open-in-view is enabled by default. Therefore, database queries may be performed during view rendering. Explicitly configure spring.jpa.open-in-view to disable this warning
2023-12-18T16:48:20.144+05:30  INFO 4516 --- [restartedMain] o.s.b.d.a.OptionalLiveReloadServer       : LiveReload server is running on port 35729
2023-12-18T16:48:20.332+05:30  INFO 4516 --- [restartedMain] o.s.b.w.embedded.tomcat.TomcatWebServer  : Tomcat started on port 8080 (http) with context path ''
2023-12-18T16:48:20.373+05:30  INFO 4516 --- [restartedMain] c.r.mysql.app.RestMysqlAppApplication    : Started RestMysqlAppApplication in 15.591 seconds (process running for 18.343)
2023-12-18T16:48:58.768+05:30  INFO 4516 --- [http-nio-8080-exec-1] o.a.c.c.C.[Tomcat].[localhost].[/]       : Initializing Spring DispatcherServlet 'dispatcherServlet'
2023-12-18T16:48:58.770+05:30  INFO 4516 --- [http-nio-8080-exec-1] o.s.web.servlet.DispatcherServlet        : Initializing Servlet 'dispatcherServlet'
2023-12-18T16:48:58.777+05:30  INFO 4516 --- [http-nio-8080-exec-1] o.s.web.servlet.DispatcherServlet        : Completed initialization in 5 ms
2023-12-18T16:49:08.339+05:30  WARN 4516 --- [http-nio-8080-exec-3] .w.s.m.s.DefaultHandlerExceptionResolver : Resolved [org.springframework.web.HttpRequestMethodNotSupportedException: Request method 'GET' is not supported]
2023-12-18T16:49:22.472+05:30  INFO 4516 --- [http-nio-8080-exec-7] LoggingAspect.class                      : getstudents method is called
2023-12-18T16:49:23.310+05:30  INFO 4516 --- [http-nio-8080-exec-7] LoggingAspect.class                      : getstudents method is executed and retured
2023-12-18T16:51:43.011+05:30  INFO 4516 --- [RMI TCP Connection(12)-127.0.0.1] inMXBeanRegistrar$SpringApplicationAdmin : Application shutdown requested.
2023-12-18T16:51:43.064+05:30  INFO 4516 --- [RMI TCP Connection(12)-127.0.0.1] j.LocalContainerEntityManagerFactoryBean : Closing JPA EntityManagerFactory for persistence unit 'default'
2023-12-18T16:51:43.073+05:30  INFO 4516 --- [RMI TCP Connection(12)-127.0.0.1] com.zaxxer.hikari.HikariDataSource       : HikariPool-1 - Shutdown initiated...
2023-12-18T16:51:43.104+05:30  INFO 4516 --- [RMI TCP Connection(12)-127.0.0.1] com.zaxxer.hikari.HikariDataSource       : HikariPool-1 - Shutdown completed.
2023-12-18T16:51:53.877+05:30  INFO 9896 --- [restartedMain] c.r.mysql.app.RestMysqlAppApplication    : Starting RestMysqlAppApplication using Java 17.0.8.1 with PID 9896 (C:\Users\Admin\git\Newt-Global\Java\rest_mysql_app\target\classes started by Admin in C:\Users\Admin\git\Newt-Global\Java\rest_mysql_app)
2023-12-18T16:51:53.887+05:30  INFO 9896 --- [restartedMain] c.r.mysql.app.RestMysqlAppApplication    : No active profile set, falling back to 1 default profile: "default"
2023-12-18T16:51:54.077+05:30  INFO 9896 --- [restartedMain] .e.DevToolsPropertyDefaultsPostProcessor : Devtools property defaults active! Set 'spring.devtools.add-properties' to 'false' to disable
2023-12-18T16:51:54.079+05:30  INFO 9896 --- [restartedMain] .e.DevToolsPropertyDefaultsPostProcessor : For additional web related logging consider setting the 'logging.level.web' property to 'DEBUG'
2023-12-18T16:51:56.302+05:30  INFO 9896 --- [restartedMain] .s.d.r.c.RepositoryConfigurationDelegate : Bootstrapping Spring Data JPA repositories in DEFAULT mode.
2023-12-18T16:51:56.523+05:30  INFO 9896 --- [restartedMain] .s.d.r.c.RepositoryConfigurationDelegate : Finished Spring Data repository scanning in 184 ms. Found 1 JPA repository interface.
2023-12-18T16:51:59.082+05:30  INFO 9896 --- [restartedMain] o.s.b.w.embedded.tomcat.TomcatWebServer  : Tomcat initialized with port 8080 (http)
2023-12-18T16:51:59.114+05:30  INFO 9896 --- [restartedMain] o.apache.catalina.core.StandardService   : Starting service [Tomcat]
2023-12-18T16:51:59.115+05:30  INFO 9896 --- [restartedMain] o.apache.catalina.core.StandardEngine    : Starting Servlet engine: [Apache Tomcat/10.1.16]
2023-12-18T16:51:59.775+05:30  INFO 9896 --- [restartedMain] org.apache.jasper.servlet.TldScanner     : At least one JAR was scanned for TLDs yet contained no TLDs. Enable debug logging for this logger for a complete list of JARs that were scanned but no TLDs were found in them. Skipping unneeded JARs during scanning can improve startup time and JSP compilation time.
2023-12-18T16:51:59.789+05:30  INFO 9896 --- [restartedMain] o.a.c.c.C.[Tomcat].[localhost].[/]       : Initializing Spring embedded WebApplicationContext
2023-12-18T16:51:59.791+05:30  INFO 9896 --- [restartedMain] w.s.c.ServletWebServerApplicationContext : Root WebApplicationContext: initialization completed in 5709 ms
2023-12-18T16:52:00.534+05:30  INFO 9896 --- [restartedMain] o.hibernate.jpa.internal.util.LogHelper  : HHH000204: Processing PersistenceUnitInfo [name: default]
2023-12-18T16:52:00.750+05:30  INFO 9896 --- [restartedMain] org.hibernate.Version                    : HHH000412: Hibernate ORM core version 6.3.1.Final
2023-12-18T16:52:00.891+05:30  INFO 9896 --- [restartedMain] o.h.c.internal.RegionFactoryInitiator    : HHH000026: Second-level cache disabled
2023-12-18T16:52:01.600+05:30  INFO 9896 --- [restartedMain] o.s.o.j.p.SpringPersistenceUnitInfo      : No LoadTimeWeaver setup: ignoring JPA class transformer
2023-12-18T16:52:01.697+05:30  INFO 9896 --- [restartedMain] com.zaxxer.hikari.HikariDataSource       : HikariPool-1 - Starting...
2023-12-18T16:52:02.548+05:30  INFO 9896 --- [restartedMain] com.zaxxer.hikari.pool.HikariPool        : HikariPool-1 - Added connection com.mysql.cj.jdbc.ConnectionImpl@7b080b6
2023-12-18T16:52:02.555+05:30  INFO 9896 --- [restartedMain] com.zaxxer.hikari.HikariDataSource       : HikariPool-1 - Start completed.
2023-12-18T16:52:02.771+05:30  WARN 9896 --- [restartedMain] org.hibernate.orm.deprecation            : HHH90000025: MySQL8Dialect does not need to be specified explicitly using 'hibernate.dialect' (remove the property setting and it will be selected by default)
2023-12-18T16:52:02.782+05:30  WARN 9896 --- [restartedMain] org.hibernate.orm.deprecation            : HHH90000026: MySQL8Dialect has been deprecated; use org.hibernate.dialect.MySQLDialect instead
2023-12-18T16:52:05.340+05:30  INFO 9896 --- [restartedMain] o.h.e.t.j.p.i.JtaPlatformInitiator       : HHH000489: No JTA platform available (set 'hibernate.transaction.jta.platform' to enable JTA platform integration)
2023-12-18T16:52:05.607+05:30  INFO 9896 --- [restartedMain] j.LocalContainerEntityManagerFactoryBean : Initialized JPA EntityManagerFactory for persistence unit 'default'
2023-12-18T16:52:06.671+05:30  WARN 9896 --- [restartedMain] JpaBaseConfiguration$JpaWebConfiguration : spring.jpa.open-in-view is enabled by default. Therefore, database queries may be performed during view rendering. Explicitly configure spring.jpa.open-in-view to disable this warning
2023-12-18T16:52:07.889+05:30  INFO 9896 --- [restartedMain] o.s.b.d.a.OptionalLiveReloadServer       : LiveReload server is running on port 35729
2023-12-18T16:52:08.069+05:30  INFO 9896 --- [restartedMain] o.s.b.w.embedded.tomcat.TomcatWebServer  : Tomcat started on port 8080 (http) with context path ''
2023-12-18T16:52:08.097+05:30  INFO 9896 --- [restartedMain] c.r.mysql.app.RestMysqlAppApplication    : Started RestMysqlAppApplication in 15.529 seconds (process running for 18.134)
2023-12-18T16:52:20.311+05:30  INFO 9896 --- [RMI TCP Connection(6)-127.0.0.1] inMXBeanRegistrar$SpringApplicationAdmin : Application shutdown requested.
2023-12-18T16:52:20.375+05:30  INFO 9896 --- [RMI TCP Connection(6)-127.0.0.1] j.LocalContainerEntityManagerFactoryBean : Closing JPA EntityManagerFactory for persistence unit 'default'
2023-12-18T16:52:20.385+05:30  INFO 9896 --- [RMI TCP Connection(6)-127.0.0.1] com.zaxxer.hikari.HikariDataSource       : HikariPool-1 - Shutdown initiated...
2023-12-18T16:52:20.422+05:30  INFO 9896 --- [RMI TCP Connection(6)-127.0.0.1] com.zaxxer.hikari.HikariDataSource       : HikariPool-1 - Shutdown completed.
